#
# There is insufficient memory for the Java Runtime Environment to continue.
# Native memory allocation (malloc) failed to allocate 58656 bytes. Error detail: Chunk::new
# Possible reasons:
#   The system is out of physical RAM or swap space
#   This process is running with CompressedOops enabled, and the Java Heap may be blocking the growth of the native heap
# Possible solutions:
#   Reduce memory load on the system
#   Increase physical memory or swap space
#   Check if swap backing store is full
#   Decrease Java heap size (-Xmx/-Xms)
#   Decrease number of Java threads
#   Decrease Java thread stack sizes (-Xss)
#   Set larger code cache with -XX:ReservedCodeCacheSize=
#   JVM is running with Unscaled Compressed Oops mode in which the Java heap is
#     placed in the first 4GB address space. The Java Heap base address is the
#     maximum limit for the native heap growth. Please use -XX:HeapBaseMinAddress
#     to set the Java Heap base and to place the Java Heap above 4GB virtual address.
# This output file may be truncated or incomplete.
#
#  Out of Memory Error (arena.cpp:162), pid=13016, tid=11656
#
# JRE version:  (24.0.1+9) (build )
# Java VM: Java HotSpot(TM) 64-Bit Server VM (24.0.1+9-30, mixed mode, tiered, compressed oops, compressed class ptrs, g1 gc, windows-amd64)
# No core dump will be written. Minidumps are not enabled by default on client versions of Windows
#

---------------  S U M M A R Y ------------

Command Line: 

Host: Intel(R) Celeron(R) N4120 CPU @ 1.10GHz, 4 cores, 3G,  Windows 10 , 64 bit Build 19041 (10.0.19041.5794)
Time: Fri Jun  6 09:51:21 2025 W. Central Africa Standard Time elapsed time: 0.511403 seconds (0d 0h 0m 0s)

---------------  T H R E A D  ---------------

Current thread (0x000001480a0ac340):  JavaThread "main"             [_thread_in_vm, id=11656, stack(0x0000000300a00000,0x0000000300b00000) (1024K)]

Stack: [0x0000000300a00000,0x0000000300b00000]
Native frames: (J=compiled Java code, j=interpreted, Vv=VM code, C=native code)
V  [jvm.dll+0x730739]  (no source info available)
V  [jvm.dll+0x8d9b23]  (no source info available)
V  [jvm.dll+0x8dc00d]  (no source info available)
V  [jvm.dll+0x8dc683]  (no source info available)
V  [jvm.dll+0x2aa086]  (no source info available)
V  [jvm.dll+0xcedef]  (no source info available)
V  [jvm.dll+0xcf04f]  (no source info available)
V  [jvm.dll+0x2446cd]  (no source info available)
V  [jvm.dll+0x2437fe]  (no source info available)
V  [jvm.dll+0x84a6be]  (no source info available)
V  [jvm.dll+0x84b878]  (no source info available)
V  [jvm.dll+0x84bdc3]  (no source info available)
V  [jvm.dll+0x84bb06]  (no source info available)
V  [jvm.dll+0x293b78]  (no source info available)
V  [jvm.dll+0x293da6]  (no source info available)
V  [jvm.dll+0x628257]  (no source info available)
V  [jvm.dll+0x62b5f6]  (no source info available)
V  [jvm.dll+0x4168d2]  (no source info available)
V  [jvm.dll+0x415f96]  (no source info available)
C  0x000001481c078cae  (no source info available)

The last pc belongs to invokestatic (printed below).
Java frames: (J=compiled Java code, j=interpreted, Vv=VM code)
j  java.lang.String.<init>(Ljava/lang/AbstractStringBuilder;Ljava/lang/Void;)V+32 java.base
j  java.lang.StringBuilder.toString()Ljava/lang/String;+16 java.base
j  sun.nio.cs.StandardCharsets.toLower(Ljava/lang/String;)Ljava/lang/String;+121 java.base
j  sun.nio.cs.StandardCharsets.lookup(Ljava/lang/String;)Ljava/nio/charset/Charset;+44 java.base
j  sun.nio.cs.StandardCharsets.charsetForName(Ljava/lang/String;)Ljava/nio/charset/Charset;+6 java.base
j  java.nio.charset.Charset.lookup2(Ljava/lang/String;)Ljava/nio/charset/Charset;+39 java.base
j  java.nio.charset.Charset.lookup(Ljava/lang/String;)Ljava/nio/charset/Charset;+40 java.base
j  java.nio.charset.Charset.isSupported(Ljava/lang/String;)Z+1 java.base
j  java.lang.System.initPhase1()V+37 java.base
v  ~StubRoutines::call_stub 0x000001481c060fd5
Lock stack of current Java thread (top to bottom):
LockStack[0]: sun.nio.cs.StandardCharsets 
{0x00000000c6f0f898} - klass: 'sun/nio/cs/StandardCharsets' - flags: 

 - ---- fields (total size 3 words):
 - private 'classMap' 'Ljava/util/Map;' @12  null (0x00000000)
 - private 'aliasMap' 'Ljava/util/Map;' @16  null (0x00000000)
 - private 'cache' 'Ljava/util/Map;' @20  null (0x00000000)

invokestatic  184 invokestatic  [0x000001481c078c00, 0x000001481c078ec0]  704 bytes
[MachCode]
  0x000001481c078c00: 4883 ec08 | f30f 1104 | 24eb 1f48 | 83ec 10f2 | 0f11 0424 | eb14 4883 | ec10 4889 | 0424 48c7 
  0x000001481c078c20: 4424 0800 | 0000 00eb | 0150 488b | 4dd0 410f | b755 0148 | 8b49 386b | d218 488d | 4c11 080f 
  0x000001481c078c40: b659 1681 | fbb8 0000 | 000f 84b7 | 0000 00bb | b800 0000 | e805 0000 | 00e9 9300 | 0000 488b 
  0x000001481c078c60: d348 8d44 | 2408 4c89 | 6dc0 498b | cf49 89af | b803 0000 | 4989 87a8 | 0300 0048 | 83ec 2040 
  0x000001481c078c80: f6c4 0f0f | 8419 0000 | 0048 83ec | 0848 b810 | 5e34 83fe | 7f00 00ff | d048 83c4 | 08e9 0c00 
  0x000001481c078ca0: 0000 48b8 | 105e 3483 | fe7f 0000 | ffd0 4883 | c420 49c7 | 87a8 0300 | 0000 0000 | 0049 c787 
  0x000001481c078cc0: b803 0000 | 0000 0000 | 49c7 87b0 | 0300 0000 | 0000 0049 | 837f 0800 | 0f84 0500 | 0000 e9dd 
  0x000001481c078ce0: 81fe ff4c | 8b6d c04c | 8b75 c84e | 8d74 f500 | c348 8b4d | d041 0fb7 | 5501 488b | 4938 6bd2 
  0x000001481c078d00: 1848 8d4c | 1108 488b | 1948 8b5b | 0848 8b5b | 0848 8b5b | 1880 bb40 | 0100 0004 | 0f84 0d00 
  0x000001481c078d20: 0000 4c3b | bb48 0100 | 000f 8520 | ffff ff0f | b651 1548 | 8b19 4c89 | 6dc0 448b | ea0f b651 
  0x000001481c078d40: 1449 ba40 | 48c0 83fe | 7f00 0049 | 8b14 d252 | 418b d54c | 8b6d c048 | 8b45 d848 | 85c0 0f84 
  0x000001481c078d60: 1200 0000 | 4883 4008 | 0148 8358 | 0800 4883 | c010 4889 | 45d8 488b | 45d8 4885 | c00f 8423 
  0x000001481c078d80: 0100 0080 | 78f0 0a0f | 8519 0100 | 0048 83c0 | 084c 8b68 | f841 83ed | 0041 83fd | 020f 8cf8 
  0x000001481c078da0: 0000 004c | 8b6b 0845 | 0fb7 6d2e | 4c2b 2841 | 83ed 014e | 8b6c ec08 | 4d85 ed75 | 0ef6 4008 
  0x000001481c078dc0: 0175 4bf0 | 4883 4808 | 01eb 4345 | 8b6d 084d | 8bd5 4c33 | 6808 49f7 | c5fc ffff | ff74 2f41 
  0x000001481c078de0: f6c5 0275 | 2948 8378 | 0800 741e | 4883 7808 | 0174 174d | 8bea 4c33 | 6808 49f7 | c5fc ffff 
  0x000001481c078e00: ff74 0b48 | 8348 0802 | eb04 4c89 | 6808 4883 | c010 4c8b | 68e8 4183 | ed02 4183 | fd02 0f8c 
  0x000001481c078e20: 7700 0000 | 4c8b 6b08 | 450f b76d | 2e4c 2b28 | 4183 ed01 | 4e8b 6cec | 084d 85ed | 750e f640 
  0x000001481c078e40: 0801 754b | f048 8348 | 0801 eb43 | 458b 6d08 | 4d8b d54c | 3368 0849 | f7c5 fcff | ffff 742f 
  0x000001481c078e60: 41f6 c502 | 7529 4883 | 7808 0074 | 1e48 8378 | 0801 7417 | 4d8b ea4c | 3368 0849 | f7c5 fcff 
  0x000001481c078e80: ffff 740b | 4883 4808 | 02eb 044c | 8968 0848 | 83c0 104c | 8b68 d841 | 83ed 0441 | c1e5 0349 
  0x000001481c078ea0: 03c5 4889 | 45d8 4c8d | 6c24 0849 | 8bcd 482b | cd48 c1f9 | 0348 894d | f0ff 6350 | 0f1f 4000 
[/MachCode]

---------------  P R O C E S S  ---------------

Threads class SMR info:
_java_thread_list=0x000001480c31e500, length=1, elements={
0x000001480a0ac340
}

Java Threads: ( => current thread )
=>0x000001480a0ac340 JavaThread "main"                              [_thread_in_vm, id=11656, stack(0x0000000300a00000,0x0000000300b00000) (1024K)]
Total: 1

Other Threads:
  0x00000148272bb650 VMThread "VM Thread"                           [id=17136, stack(0x0000000301100000,0x0000000301200000) (1024K)]
  0x000001482729aa00 WatcherThread "VM Periodic Task Thread"        [id=6388, stack(0x0000000301000000,0x0000000301100000) (1024K)]
  0x000001480c2bab10 WorkerThread "GC Thread#0"                     [id=6820, stack(0x0000000300b00000,0x0000000300c00000) (1024K)]
  0x000001480c2c5510 ConcurrentGCThread "G1 Main Marker"            [id=10784, stack(0x0000000300c00000,0x0000000300d00000) (1024K)]
  0x000001480c2c67c0 WorkerThread "G1 Conc#0"                       [id=13632, stack(0x0000000300d00000,0x0000000300e00000) (1024K)]
  0x000001480c31eda0 ConcurrentGCThread "G1 Refine#0"               [id=19332, stack(0x0000000300e00000,0x0000000300f00000) (1024K)]
  0x000001480c320930 ConcurrentGCThread "G1 Service"                [id=20152, stack(0x0000000300f00000,0x0000000301000000) (1024K)]
Total: 7

Threads with active compile tasks:
Total: 0

VM state: not at safepoint (normal execution)

VM Mutex/Monitor currently owned by a thread: None

Heap address: 0x00000000c3200000, size: 974 MB, Compressed Oops mode: 32-bit

CDS archive(s) not mapped
Compressed class space mapped at: 0x0000000015000000-0x0000000055000000, reserved size: 1073741824
UseCompressedClassPointers 1, UseCompactObjectHeaders 0
Narrow klass pointer bits 32, Max shift 3
Narrow klass base: 0x0000000000000000, Narrow klass shift: 0
Encoding Range: [0x0000000000000000 - 0x0000000100000000), (4294967296 bytes)
Klass Range:    [0x0000000015000000 - 0x0000000055000000), (1073741824 bytes)
Klass ID Range:  [352321536 - 1426063353) (1073741817)

GC Precious Log:
 CardTable entry size: 512
 Card Set container configuration: InlinePtr #cards 5 size 8 Array Of Cards #cards 10 size 36 Howl #buckets 4 coarsen threshold 1843 Howl Bitmap #cards 512 size 80 coarsen threshold 460 Card regions per heap region 1 cards per card region 2048
 CPUs: 4 total, 4 available
 Memory: 3891M
 Large Page Support: Disabled
 NUMA Support: Disabled
 Compressed Oops: Enabled (32-bit)
 Heap Region Size: 1M
 Heap Min Capacity: 8M
 Heap Initial Capacity: 62M
 Heap Max Capacity: 974M
 Pre-touch: Disabled
 Parallel Workers: 4
 Concurrent Workers: 1
 Concurrent Refinement Workers: 4
 Periodic GC: Disabled

Heap:
 garbage-first heap   total reserved 997376K, committed 63488K, used 0K [0x00000000c3200000, 0x0000000100000000)
  region size 1024K, 1 young (1024K), 0 survivors (0K)
 Metaspace       used 2077K, committed 2112K, reserved 1114112K
  class space    used 116K, committed 128K, reserved 1048576K

Heap Regions: E=young(eden), S=young(survivor), O=old, HS=humongous(starts), HC=humongous(continues), CS=collection set, F=free, TAMS=top-at-mark-start, PB=parsable bottom
|   0|0x00000000c3200000, 0x00000000c3200000, 0x00000000c3300000|  0%| F|  |TAMS 0x00000000c3200000| PB 0x00000000c3200000| Untracked |  0
|   1|0x00000000c3300000, 0x00000000c3300000, 0x00000000c3400000|  0%| F|  |TAMS 0x00000000c3300000| PB 0x00000000c3300000| Untracked |  0
|   2|0x00000000c3400000, 0x00000000c3400000, 0x00000000c3500000|  0%| F|  |TAMS 0x00000000c3400000| PB 0x00000000c3400000| Untracked |  0
|   3|0x00000000c3500000, 0x00000000c3500000, 0x00000000c3600000|  0%| F|  |TAMS 0x00000000c3500000| PB 0x00000000c3500000| Untracked |  0
|   4|0x00000000c3600000, 0x00000000c3600000, 0x00000000c3700000|  0%| F|  |TAMS 0x00000000c3600000| PB 0x00000000c3600000| Untracked |  0
|   5|0x00000000c3700000, 0x00000000c3700000, 0x00000000c3800000|  0%| F|  |TAMS 0x00000000c3700000| PB 0x00000000c3700000| Untracked |  0
|   6|0x00000000c3800000, 0x00000000c3800000, 0x00000000c3900000|  0%| F|  |TAMS 0x00000000c3800000| PB 0x00000000c3800000| Untracked |  0
|   7|0x00000000c3900000, 0x00000000c3900000, 0x00000000c3a00000|  0%| F|  |TAMS 0x00000000c3900000| PB 0x00000000c3900000| Untracked |  0
|   8|0x00000000c3a00000, 0x00000000c3a00000, 0x00000000c3b00000|  0%| F|  |TAMS 0x00000000c3a00000| PB 0x00000000c3a00000| Untracked |  0
|   9|0x00000000c3b00000, 0x00000000c3b00000, 0x00000000c3c00000|  0%| F|  |TAMS 0x00000000c3b00000| PB 0x00000000c3b00000| Untracked |  0
|  10|0x00000000c3c00000, 0x00000000c3c00000, 0x00000000c3d00000|  0%| F|  |TAMS 0x00000000c3c00000| PB 0x00000000c3c00000| Untracked |  0
|  11|0x00000000c3d00000, 0x00000000c3d00000, 0x00000000c3e00000|  0%| F|  |TAMS 0x00000000c3d00000| PB 0x00000000c3d00000| Untracked |  0
|  12|0x00000000c3e00000, 0x00000000c3e00000, 0x00000000c3f00000|  0%| F|  |TAMS 0x00000000c3e00000| PB 0x00000000c3e00000| Untracked |  0
|  13|0x00000000c3f00000, 0x00000000c3f00000, 0x00000000c4000000|  0%| F|  |TAMS 0x00000000c3f00000| PB 0x00000000c3f00000| Untracked |  0
|  14|0x00000000c4000000, 0x00000000c4000000, 0x00000000c4100000|  0%| F|  |TAMS 0x00000000c4000000| PB 0x00000000c4000000| Untracked |  0
|  15|0x00000000c4100000, 0x00000000c4100000, 0x00000000c4200000|  0%| F|  |TAMS 0x00000000c4100000| PB 0x00000000c4100000| Untracked |  0
|  16|0x00000000c4200000, 0x00000000c4200000, 0x00000000c4300000|  0%| F|  |TAMS 0x00000000c4200000| PB 0x00000000c4200000| Untracked |  0
|  17|0x00000000c4300000, 0x00000000c4300000, 0x00000000c4400000|  0%| F|  |TAMS 0x00000000c4300000| PB 0x00000000c4300000| Untracked |  0
|  18|0x00000000c4400000, 0x00000000c4400000, 0x00000000c4500000|  0%| F|  |TAMS 0x00000000c4400000| PB 0x00000000c4400000| Untracked |  0
|  19|0x00000000c4500000, 0x00000000c4500000, 0x00000000c4600000|  0%| F|  |TAMS 0x00000000c4500000| PB 0x00000000c4500000| Untracked |  0
|  20|0x00000000c4600000, 0x00000000c4600000, 0x00000000c4700000|  0%| F|  |TAMS 0x00000000c4600000| PB 0x00000000c4600000| Untracked |  0
|  21|0x00000000c4700000, 0x00000000c4700000, 0x00000000c4800000|  0%| F|  |TAMS 0x00000000c4700000| PB 0x00000000c4700000| Untracked |  0
|  22|0x00000000c4800000, 0x00000000c4800000, 0x00000000c4900000|  0%| F|  |TAMS 0x00000000c4800000| PB 0x00000000c4800000| Untracked |  0
|  23|0x00000000c4900000, 0x00000000c4900000, 0x00000000c4a00000|  0%| F|  |TAMS 0x00000000c4900000| PB 0x00000000c4900000| Untracked |  0
|  24|0x00000000c4a00000, 0x00000000c4a00000, 0x00000000c4b00000|  0%| F|  |TAMS 0x00000000c4a00000| PB 0x00000000c4a00000| Untracked |  0
|  25|0x00000000c4b00000, 0x00000000c4b00000, 0x00000000c4c00000|  0%| F|  |TAMS 0x00000000c4b00000| PB 0x00000000c4b00000| Untracked |  0
|  26|0x00000000c4c00000, 0x00000000c4c00000, 0x00000000c4d00000|  0%| F|  |TAMS 0x00000000c4c00000| PB 0x00000000c4c00000| Untracked |  0
|  27|0x00000000c4d00000, 0x00000000c4d00000, 0x00000000c4e00000|  0%| F|  |TAMS 0x00000000c4d00000| PB 0x00000000c4d00000| Untracked |  0
|  28|0x00000000c4e00000, 0x00000000c4e00000, 0x00000000c4f00000|  0%| F|  |TAMS 0x00000000c4e00000| PB 0x00000000c4e00000| Untracked |  0
|  29|0x00000000c4f00000, 0x00000000c4f00000, 0x00000000c5000000|  0%| F|  |TAMS 0x00000000c4f00000| PB 0x00000000c4f00000| Untracked |  0
|  30|0x00000000c5000000, 0x00000000c5000000, 0x00000000c5100000|  0%| F|  |TAMS 0x00000000c5000000| PB 0x00000000c5000000| Untracked |  0
|  31|0x00000000c5100000, 0x00000000c5100000, 0x00000000c5200000|  0%| F|  |TAMS 0x00000000c5100000| PB 0x00000000c5100000| Untracked |  0
|  32|0x00000000c5200000, 0x00000000c5200000, 0x00000000c5300000|  0%| F|  |TAMS 0x00000000c5200000| PB 0x00000000c5200000| Untracked |  0
|  33|0x00000000c5300000, 0x00000000c5300000, 0x00000000c5400000|  0%| F|  |TAMS 0x00000000c5300000| PB 0x00000000c5300000| Untracked |  0
|  34|0x00000000c5400000, 0x00000000c5400000, 0x00000000c5500000|  0%| F|  |TAMS 0x00000000c5400000| PB 0x00000000c5400000| Untracked |  0
|  35|0x00000000c5500000, 0x00000000c5500000, 0x00000000c5600000|  0%| F|  |TAMS 0x00000000c5500000| PB 0x00000000c5500000| Untracked |  0
|  36|0x00000000c5600000, 0x00000000c5600000, 0x00000000c5700000|  0%| F|  |TAMS 0x00000000c5600000| PB 0x00000000c5600000| Untracked |  0
|  37|0x00000000c5700000, 0x00000000c5700000, 0x00000000c5800000|  0%| F|  |TAMS 0x00000000c5700000| PB 0x00000000c5700000| Untracked |  0
|  38|0x00000000c5800000, 0x00000000c5800000, 0x00000000c5900000|  0%| F|  |TAMS 0x00000000c5800000| PB 0x00000000c5800000| Untracked |  0
|  39|0x00000000c5900000, 0x00000000c5900000, 0x00000000c5a00000|  0%| F|  |TAMS 0x00000000c5900000| PB 0x00000000c5900000| Untracked |  0
|  40|0x00000000c5a00000, 0x00000000c5a00000, 0x00000000c5b00000|  0%| F|  |TAMS 0x00000000c5a00000| PB 0x00000000c5a00000| Untracked |  0
|  41|0x00000000c5b00000, 0x00000000c5b00000, 0x00000000c5c00000|  0%| F|  |TAMS 0x00000000c5b00000| PB 0x00000000c5b00000| Untracked |  0
|  42|0x00000000c5c00000, 0x00000000c5c00000, 0x00000000c5d00000|  0%| F|  |TAMS 0x00000000c5c00000| PB 0x00000000c5c00000| Untracked |  0
|  43|0x00000000c5d00000, 0x00000000c5d00000, 0x00000000c5e00000|  0%| F|  |TAMS 0x00000000c5d00000| PB 0x00000000c5d00000| Untracked |  0
|  44|0x00000000c5e00000, 0x00000000c5e00000, 0x00000000c5f00000|  0%| F|  |TAMS 0x00000000c5e00000| PB 0x00000000c5e00000| Untracked |  0
|  45|0x00000000c5f00000, 0x00000000c5f00000, 0x00000000c6000000|  0%| F|  |TAMS 0x00000000c5f00000| PB 0x00000000c5f00000| Untracked |  0
|  46|0x00000000c6000000, 0x00000000c6000000, 0x00000000c6100000|  0%| F|  |TAMS 0x00000000c6000000| PB 0x00000000c6000000| Untracked |  0
|  47|0x00000000c6100000, 0x00000000c6100000, 0x00000000c6200000|  0%| F|  |TAMS 0x00000000c6100000| PB 0x00000000c6100000| Untracked |  0
|  48|0x00000000c6200000, 0x00000000c6200000, 0x00000000c6300000|  0%| F|  |TAMS 0x00000000c6200000| PB 0x00000000c6200000| Untracked |  0
|  49|0x00000000c6300000, 0x00000000c6300000, 0x00000000c6400000|  0%| F|  |TAMS 0x00000000c6300000| PB 0x00000000c6300000| Untracked |  0
|  50|0x00000000c6400000, 0x00000000c6400000, 0x00000000c6500000|  0%| F|  |TAMS 0x00000000c6400000| PB 0x00000000c6400000| Untracked |  0
|  51|0x00000000c6500000, 0x00000000c6500000, 0x00000000c6600000|  0%| F|  |TAMS 0x00000000c6500000| PB 0x00000000c6500000| Untracked |  0
|  52|0x00000000c6600000, 0x00000000c6600000, 0x00000000c6700000|  0%| F|  |TAMS 0x00000000c6600000| PB 0x00000000c6600000| Untracked |  0
|  53|0x00000000c6700000, 0x00000000c6700000, 0x00000000c6800000|  0%| F|  |TAMS 0x00000000c6700000| PB 0x00000000c6700000| Untracked |  0
|  54|0x00000000c6800000, 0x00000000c6800000, 0x00000000c6900000|  0%| F|  |TAMS 0x00000000c6800000| PB 0x00000000c6800000| Untracked |  0
|  55|0x00000000c6900000, 0x00000000c6900000, 0x00000000c6a00000|  0%| F|  |TAMS 0x00000000c6900000| PB 0x00000000c6900000| Untracked |  0
|  56|0x00000000c6a00000, 0x00000000c6a00000, 0x00000000c6b00000|  0%| F|  |TAMS 0x00000000c6a00000| PB 0x00000000c6a00000| Untracked |  0
|  57|0x00000000c6b00000, 0x00000000c6b00000, 0x00000000c6c00000|  0%| F|  |TAMS 0x00000000c6b00000| PB 0x00000000c6b00000| Untracked |  0
|  58|0x00000000c6c00000, 0x00000000c6c00000, 0x00000000c6d00000|  0%| F|  |TAMS 0x00000000c6c00000| PB 0x00000000c6c00000| Untracked |  0
|  59|0x00000000c6d00000, 0x00000000c6d00000, 0x00000000c6e00000|  0%| F|  |TAMS 0x00000000c6d00000| PB 0x00000000c6d00000| Untracked |  0
|  60|0x00000000c6e00000, 0x00000000c6e00000, 0x00000000c6f00000|  0%| F|  |TAMS 0x00000000c6e00000| PB 0x00000000c6e00000| Untracked |  0
|  61|0x00000000c6f00000, 0x00000000c6f80000, 0x00000000c7000000| 50%| E|  |TAMS 0x00000000c6f00000| PB 0x00000000c6f00000| Complete |  0

Card table byte_map: [0x0000014823d20000,0x0000014823f10000] _byte_map_base: 0x0000014823707000

Marking Bits: (CMBitMap*) 0x000001480c2bb220
 Bits: [0x0000014823f10000, 0x0000014824e48000)

Polling page: 0x000001480ba60000

Metaspace:

Usage:
  Non-class:      1.91 MB used.
      Class:    116.87 KB used.
       Both:      2.03 MB used.

Virtual space:
  Non-class space:       64.00 MB reserved,       1.94 MB (  3%) committed,  1 nodes.
      Class space:        1.00 GB reserved,     128.00 KB ( <1%) committed,  1 nodes.
             Both:        1.06 GB reserved,       2.06 MB ( <1%) committed. 

Chunk freelists:
   Non-Class:  12.00 MB
       Class:  15.75 MB
        Both:  27.75 MB

MaxMetaspaceSize: unlimited
CompressedClassSpaceSize: 1.00 GB
Initial GC threshold: 21.00 MB
Current GC threshold: 17179869184.00 GB
CDS: off
 - commit_granule_bytes: 65536.
 - commit_granule_words: 8192.
 - virtual_space_node_default_size: 8388608.
 - enlarge_chunks_in_place: 1.
UseCompressedClassPointers 1, UseCompactObjectHeaders 0
Narrow klass pointer bits 32, Max shift 3
Narrow klass base: 0x0000000000000000, Narrow klass shift: 0
Encoding Range: [0x0000000000000000 - 0x0000000100000000), (4294967296 bytes)
Klass Range:    [0x0000000015000000 - 0x0000000055000000), (1073741824 bytes)
Klass ID Range:  [352321536 - 1426063353) (1073741817)


Internal statistics:

num_allocs_failed_limit: 0.
num_arena_births: 2.
num_arena_deaths: 0.
num_vsnodes_births: 2.
num_vsnodes_deaths: 0.
num_space_committed: 33.
num_space_uncommitted: 0.
num_chunks_returned_to_freelist: 0.
num_chunks_taken_from_freelist: 3.
num_chunk_merges: 0.
num_chunk_splits: 2.
num_chunks_enlarged: 0.
num_inconsistent_stats: 0.

CodeHeap 'non-profiled nmethods': size=120064Kb used=0Kb max_used=0Kb free=120064Kb
 bounds [0x000001481c5f0000, 0x000001481c860000, 0x0000014823b30000]
CodeHeap 'profiled nmethods': size=120000Kb used=0Kb max_used=0Kb free=120000Kb
 bounds [0x0000014814b30000, 0x0000014814da0000, 0x000001481c060000]
CodeHeap 'non-nmethods': size=5696Kb used=381Kb max_used=381Kb free=5314Kb
 bounds [0x000001481c060000, 0x000001481c2d0000, 0x000001481c5f0000]
CodeCache: size=245760Kb, used=381Kb, max_used=381Kb, free=245378Kb
 total_blobs=160, nmethods=0, adapters=133, full_count=0
Compilation: enabled, stopped_count=0, restarted_count=0

Compilation events (0 events):
No events

GC Heap History (0 events):
No events

Dll operation events (1 events):
Event: 0.031 Loaded shared library C:\Program Files\jdk-24_windows-x64_bin\jdk-24.0.1\bin\java.dll

Deoptimization events (0 events):
No events

Classes loaded (20 events):
Event: 0.432 Loading class java/nio/charset/Charset done
Event: 0.433 Loading class sun/nio/cs/StandardCharsets
Event: 0.435 Loading class java/nio/charset/spi/CharsetProvider
Event: 0.437 Loading class java/nio/charset/spi/CharsetProvider done
Event: 0.437 Loading class sun/nio/cs/StandardCharsets done
Event: 0.437 Loading class jdk/internal/util/Preconditions
Event: 0.438 Loading class jdk/internal/util/Preconditions done
Event: 0.439 Loading class jdk/internal/util/Preconditions$1
Event: 0.439 Loading class java/util/function/Function
Event: 0.441 Loading class java/util/function/Function done
Event: 0.442 Loading class jdk/internal/util/Preconditions$1 done
Event: 0.442 Loading class jdk/internal/util/Preconditions$4
Event: 0.443 Loading class java/util/function/BiFunction
Event: 0.445 Loading class java/util/function/BiFunction done
Event: 0.445 Loading class jdk/internal/util/Preconditions$4 done
Event: 0.445 Loading class jdk/internal/util/Preconditions$2
Event: 0.445 Loading class jdk/internal/util/Preconditions$2 done
Event: 0.445 Loading class jdk/internal/util/Preconditions$3
Event: 0.445 Loading class jdk/internal/util/Preconditions$3 done
Event: 0.446 Loading class java/util/Arrays

Classes unloaded (0 events):
No events

Classes redefined (0 events):
No events

Internal exceptions (0 events):
No events

VM Operations (0 events):
No events

Memory protections (0 events):
No events

Nmethod flushes (0 events):
No events

Events (1 events):
Event: 0.060 Thread 0x000001480a0ac340 Thread added: 0x000001480a0ac340


Dynamic libraries:
0x00007ff753a20000 - 0x00007ff753a30000 	C:\Program Files\jdk-24_windows-x64_bin\jdk-24.0.1\bin\java.exe
0x00007ffef98d0000 - 0x00007ffef9ac8000 	C:\Windows\SYSTEM32\ntdll.dll
0x00007ffef8920000 - 0x00007ffef89e2000 	C:\Windows\System32\KERNEL32.DLL
0x00007ffef7600000 - 0x00007ffef78f6000 	C:\Windows\System32\KERNELBASE.dll
0x00007ffef70d0000 - 0x00007ffef71d0000 	C:\Windows\System32\ucrtbase.dll
0x00007ffed8330000 - 0x00007ffed8346000 	C:\Program Files\jdk-24_windows-x64_bin\jdk-24.0.1\bin\jli.dll
0x00007ffed03d0000 - 0x00007ffed03eb000 	C:\Program Files\jdk-24_windows-x64_bin\jdk-24.0.1\bin\VCRUNTIME140.dll
0x00007ffef7d70000 - 0x00007ffef7f0d000 	C:\Windows\System32\USER32.dll
0x00007ffee5780000 - 0x00007ffee5a1a000 	C:\Windows\WinSxS\amd64_microsoft.windows.common-controls_6595b64144ccf1df_6.0.19041.5794_none_60bcd33171f2783c\COMCTL32.dll
0x00007ffef7400000 - 0x00007ffef7422000 	C:\Windows\System32\win32u.dll
0x00007ffef7900000 - 0x00007ffef792b000 	C:\Windows\System32\GDI32.dll
0x00007ffef8400000 - 0x00007ffef849e000 	C:\Windows\System32\msvcrt.dll
0x00007ffef74e0000 - 0x00007ffef75fa000 	C:\Windows\System32\gdi32full.dll
0x00007ffef71d0000 - 0x00007ffef726d000 	C:\Windows\System32\msvcp_win.dll
0x00007ffef8e70000 - 0x00007ffef8e9f000 	C:\Windows\System32\IMM32.DLL
0x00007ffef0330000 - 0x00007ffef033c000 	C:\Program Files\jdk-24_windows-x64_bin\jdk-24.0.1\bin\vcruntime140_1.dll
0x00007ffec31f0000 - 0x00007ffec327e000 	C:\Program Files\jdk-24_windows-x64_bin\jdk-24.0.1\bin\msvcp140.dll
0x00007ffe82f30000 - 0x00007ffe83cd2000 	C:\Program Files\jdk-24_windows-x64_bin\jdk-24.0.1\bin\server\jvm.dll
0x00007ffef8da0000 - 0x00007ffef8e4f000 	C:\Windows\System32\ADVAPI32.dll
0x00007ffef8500000 - 0x00007ffef859f000 	C:\Windows\System32\sechost.dll
0x00007ffef87e0000 - 0x00007ffef8903000 	C:\Windows\System32\RPCRT4.dll
0x00007ffef7270000 - 0x00007ffef7297000 	C:\Windows\System32\bcrypt.dll
0x00007ffef8700000 - 0x00007ffef876b000 	C:\Windows\System32\WS2_32.dll
0x00007ffeee1a0000 - 0x00007ffeee1aa000 	C:\Windows\SYSTEM32\VERSION.dll
0x00007ffede730000 - 0x00007ffede757000 	C:\Windows\SYSTEM32\WINMM.dll
0x00007ffef64b0000 - 0x00007ffef64fb000 	C:\Windows\SYSTEM32\POWRPROF.dll
0x00007ffef6370000 - 0x00007ffef6382000 	C:\Windows\SYSTEM32\UMPDC.dll
0x00007ffef5790000 - 0x00007ffef57a2000 	C:\Windows\SYSTEM32\kernel.appcore.dll
0x00007ffef0200000 - 0x00007ffef020a000 	C:\Program Files\jdk-24_windows-x64_bin\jdk-24.0.1\bin\jimage.dll
0x00007ffef5480000 - 0x00007ffef5681000 	C:\Windows\SYSTEM32\DBGHELP.DLL
0x00007ffed5520000 - 0x00007ffed5554000 	C:\Windows\SYSTEM32\dbgcore.DLL
0x00007ffef6ff0000 - 0x00007ffef7072000 	C:\Windows\System32\bcryptPrimitives.dll
0x00007ffecd8d0000 - 0x00007ffecd8ee000 	C:\Program Files\jdk-24_windows-x64_bin\jdk-24.0.1\bin\java.dll
0x00007ffef8c10000 - 0x00007ffef8d3b000 	C:\Windows\System32\ole32.dll
0x00007ffef7930000 - 0x00007ffef7c83000 	C:\Windows\System32\combase.dll
0x00007ffef9120000 - 0x00007ffef988e000 	C:\Windows\System32\SHELL32.dll
0x00007ffef4cd0000 - 0x00007ffef5473000 	C:\Windows\SYSTEM32\windows.storage.dll
0x00007ffef69a0000 - 0x00007ffef69cb000 	C:\Windows\SYSTEM32\Wldp.dll
0x00007ffef8ea0000 - 0x00007ffef8f6d000 	C:\Windows\System32\OLEAUT32.dll
0x00007ffef8650000 - 0x00007ffef86fd000 	C:\Windows\System32\SHCORE.dll
0x00007ffef84a0000 - 0x00007ffef84f5000 	C:\Windows\System32\shlwapi.dll
0x00007ffef6ea0000 - 0x00007ffef6ec5000 	C:\Windows\SYSTEM32\profapi.dll

JVMTI agents: none

dbghelp: loaded successfully - version: 4.0.5 - missing functions: none
symbol engine: initialized successfully - sym options: 0x614 - pdb path: .;C:\Program Files\jdk-24_windows-x64_bin\jdk-24.0.1\bin;C:\Windows\SYSTEM32;C:\Windows\WinSxS\amd64_microsoft.windows.common-controls_6595b64144ccf1df_6.0.19041.5794_none_60bcd33171f2783c;C:\Program Files\jdk-24_windows-x64_bin\jdk-24.0.1\bin\server

VM Arguments:
java_command: <unknown>
java_class_path (initial): <not set>
Launcher Type: SUN_STANDARD

[Global flags]
     intx CICompilerCount                          = 3                                         {product} {ergonomic}
     uint ConcGCThreads                            = 1                                         {product} {ergonomic}
     uint G1ConcRefinementThreads                  = 4                                         {product} {ergonomic}
   size_t G1HeapRegionSize                         = 1048576                                   {product} {ergonomic}
   size_t InitialHeapSize                          = 65011712                                  {product} {ergonomic}
   size_t MarkStackSize                            = 4194304                                   {product} {ergonomic}
   size_t MarkStackSizeMax                         = 536870912                                 {product} {ergonomic}
   size_t MaxHeapSize                              = 1021313024                                {product} {ergonomic}
   size_t MaxNewSize                               = 612368384                                 {product} {ergonomic}
   size_t MinHeapDeltaBytes                        = 1048576                                   {product} {ergonomic}
   size_t MinHeapSize                              = 8388608                                   {product} {ergonomic}
    uintx NonNMethodCodeHeapSize                   = 5832704                                {pd product} {ergonomic}
    uintx NonProfiledCodeHeapSize                  = 122945536                              {pd product} {ergonomic}
    uintx ProfiledCodeHeapSize                     = 122880000                              {pd product} {ergonomic}
    uintx ReservedCodeCacheSize                    = 251658240                              {pd product} {ergonomic}
     bool SegmentedCodeCache                       = true                                      {product} {ergonomic}
   size_t SoftMaxHeapSize                          = 1021313024                             {manageable} {ergonomic}
     bool UseCompressedOops                        = true                           {product lp64_product} {ergonomic}
     bool UseG1GC                                  = true                                      {product} {ergonomic}
     bool UseLargePagesIndividualAllocation        = false                                  {pd product} {ergonomic}

Logging:
Log output configuration:
 #0: stdout all=warning uptime,level,tags foldmultilines=false
 #1: stderr all=off uptime,level,tags foldmultilines=false

Environment Variables:
PATH=C:\Windows\system32;C:\Windows;C:\Windows\System32\Wbem;C:\Windows\System32\WindowsPowerShell\v1.0\;C:\Windows\System32\OpenSSH\;C:\Program Files\Intel\WiFi\bin\;C:\Program Files\Common Files\Intel\WirelessCommon\;C:\Program Files\nodejs\;C:\ProgramData\chocolatey\bin;C:\Program Files\Git\cmd;C:\Program Files\Android\Android Studio\bin;C:\Program Files\Android\Android Studio\lib;C:\Program Files\Git\bin;C:\Program Files\Git\cmd;C:\Program Files\kotlin-compiler-2.2.0-RC\kotlinc\bin;C:\Program Files\kotlin-compiler-2.2.0-RC\kotlinc\lib;C:\Users\LENOVO\AppData\Local\Android\Sdk;%ANDROID_HOME%\emulator;%ANDROID_HOME%\tools;%ANDROID_HOME%\tools\bin;%ANDROID_HOME%\platform-tools;C:\Program Files\jdk-24_windows-x64_bin\jdk-24.0.1\bin;C:\Program Files\jdk-24_windows-x64_bin\jdk-24.0.1\lib;c:\users\lenovo\appdata\local\programs\python\python313\lib;C:\Users\LENOVO\AppData\Local\Programs\Python\Python313\Scripts\;C:\Users\LENOVO\AppData\Local\Programs\Python\Python313\;C:\Users\LENOVO\AppData\Local\Microsoft\WindowsApps;C:\Users\LENOVO\AppData\Local\Programs\Microsoft VS Code\bin;C:\Users\LENOVO\AppData\Roaming\npm;
USERNAME=LENOVO
OS=Windows_NT
PROCESSOR_IDENTIFIER=Intel64 Family 6 Model 122 Stepping 8, GenuineIntel
TMP=C:\Users\LENOVO\AppData\Local\Temp
TEMP=C:\Users\LENOVO\AppData\Local\Temp




Periodic native trim disabled

---------------  S Y S T E M  ---------------

OS:
 Windows 10 , 64 bit Build 19041 (10.0.19041.5794)
OS uptime: 16 days 15:30 hours

CPU: total 4 (initial active 4) (4 cores per cpu, 1 threads per core) family 6 model 122 stepping 8 microcode 0x24, cx8, cmov, fxsr, mmx, 3dnowpref, sse, sse2, sse3, ssse3, sse4.1, sse4.2, popcnt, tsc, tscinvbit, aes, erms, clmul, sha, clflush, clflushopt, rdtscp, rdpid
Processor Information for the first 4 processors :
  Max Mhz: 1101, Current Mhz: 1101, Mhz Limit: 1101

Memory: 4k page, system-wide physical 3891M (337M free)
TotalPageFile size 15667M (AvailPageFile size 15M)
current process WorkingSet (physical memory assigned to process): 19M, peak: 19M
current process commit charge ("private bytes"): 119M, peak: 128M

vm_info: Java HotSpot(TM) 64-Bit Server VM (24.0.1+9-30) for windows-amd64 JRE (24.0.1+9-30), built on 2025-03-05T07:23:45Z with MS VC++ 17.6 (VS2022)

END.
